<?xml version="1.0" encoding="UTF-8"?>
<!-- Generated by org.testng.reporters.JUnitXMLReporter -->
<testsuite ignored="2" hostname="Bharath" failures="0" tests="2" name="EdgeTest" time="0.059" errors="0" timestamp="2025-03-25T20:42:13 IST">
  <testcase classname="com.framework.testng.concepts.AppCommons" name="TestCase3" time="0.009"/>
  <testcase classname="com.framework.testng.concepts.AppCommons" name="TestCase3" time="0.002"/>
  <testcase classname="com.framework.testng.concepts.AppCommons" name="TestCase1" time="0.0">
    <ignored/>
  </testcase> <!-- TestCase1 -->
  <testcase classname="com.framework.testng.concepts.AppCommons" name="TestCase2" time="0.0">
    <ignored/>
  </testcase> <!-- TestCase2 -->
</testsuite> <!-- EdgeTest -->
